./experiments/25Jul_fullimg__graham/ not exist
Create ./experiments/25Jul_fullimg__graham/ success
./experiments/25Jul_fullimg__graham/log not exist
Create ./experiments/25Jul_fullimg__graham/log success
./experiments/25Jul_fullimg__graham/trained_models not exist
Create ./experiments/25Jul_fullimg__graham/trained_models success
Epoch [1/300], Step [100/206], Loss: 4.3184, Accuracy: 0.00%
Epoch [1/300], Step [200/206], Loss: 3.4260, Accuracy: 0.00%
Epoch [2/300], Step [100/206], Loss: 3.8539, Accuracy: 0.00%
Epoch [2/300], Step [200/206], Loss: 3.0579, Accuracy: 0.00%
Epoch [3/300], Step [100/206], Loss: 2.4394, Accuracy: 0.00%
Epoch [3/300], Step [200/206], Loss: 1.7231, Accuracy: 0.00%
Epoch [4/300], Step [100/206], Loss: 1.7329, Accuracy: 0.00%
Epoch [4/300], Step [200/206], Loss: 1.5593, Accuracy: 0.00%
Epoch [5/300], Step [100/206], Loss: 1.1021, Accuracy: 0.00%
Epoch [5/300], Step [200/206], Loss: 1.7550, Accuracy: 0.00%
Epoch [6/300], Step [100/206], Loss: 1.5256, Accuracy: 0.00%
Epoch [6/300], Step [200/206], Loss: 1.3543, Accuracy: 0.00%
Epoch [7/300], Step [100/206], Loss: 1.5922, Accuracy: 0.00%
Epoch [7/300], Step [200/206], Loss: 1.5626, Accuracy: 0.00%
Epoch [8/300], Step [100/206], Loss: 1.4265, Accuracy: 0.00%
Epoch [8/300], Step [200/206], Loss: 1.4232, Accuracy: 0.00%
Epoch [9/300], Step [100/206], Loss: 2.1131, Accuracy: 0.00%
Epoch [9/300], Step [200/206], Loss: 1.1005, Accuracy: 0.00%
Epoch [10/300], Step [100/206], Loss: 1.1627, Accuracy: 0.00%
Epoch [10/300], Step [200/206], Loss: 1.1563, Accuracy: 0.00%
Epoch [11/300], Step [100/206], Loss: 0.7796, Accuracy: 0.00%
Epoch [11/300], Step [200/206], Loss: 1.1018, Accuracy: 0.00%
Epoch [12/300], Step [100/206], Loss: 1.4659, Accuracy: 0.00%
Epoch [12/300], Step [200/206], Loss: 1.1609, Accuracy: 0.00%
Epoch [13/300], Step [100/206], Loss: 0.9647, Accuracy: 0.00%
Epoch [13/300], Step [200/206], Loss: 1.7275, Accuracy: 0.00%
Epoch [14/300], Step [100/206], Loss: 1.0950, Accuracy: 0.00%
Epoch [14/300], Step [200/206], Loss: 1.3328, Accuracy: 0.00%
Epoch [15/300], Step [100/206], Loss: 0.9255, Accuracy: 0.00%
Epoch [15/300], Step [200/206], Loss: 1.0968, Accuracy: 0.00%
Epoch [16/300], Step [100/206], Loss: 1.0643, Accuracy: 0.00%
Epoch [16/300], Step [200/206], Loss: 1.3501, Accuracy: 0.00%
Epoch [17/300], Step [100/206], Loss: 1.1596, Accuracy: 0.00%
Epoch [17/300], Step [200/206], Loss: 1.2869, Accuracy: 0.00%
Epoch [18/300], Step [100/206], Loss: 0.7904, Accuracy: 0.00%
Epoch [18/300], Step [200/206], Loss: 0.4912, Accuracy: 0.00%
Epoch [19/300], Step [100/206], Loss: 0.9846, Accuracy: 0.00%
Epoch [19/300], Step [200/206], Loss: 0.8020, Accuracy: 0.00%
Epoch [20/300], Step [100/206], Loss: 1.2824, Accuracy: 0.00%
Epoch [20/300], Step [200/206], Loss: 0.8352, Accuracy: 0.00%
Epoch [21/300], Step [100/206], Loss: 0.9038, Accuracy: 0.00%
Epoch [21/300], Step [200/206], Loss: 1.1459, Accuracy: 0.00%
Epoch [22/300], Step [100/206], Loss: 0.9408, Accuracy: 0.00%
Epoch [22/300], Step [200/206], Loss: 0.8242, Accuracy: 0.00%
Epoch [23/300], Step [100/206], Loss: 1.0484, Accuracy: 0.00%
Epoch [23/300], Step [200/206], Loss: 0.7678, Accuracy: 0.00%
Epoch [24/300], Step [100/206], Loss: 0.5805, Accuracy: 0.00%
Epoch [24/300], Step [200/206], Loss: 1.0967, Accuracy: 0.00%
Epoch [25/300], Step [100/206], Loss: 0.8097, Accuracy: 0.00%
Epoch [25/300], Step [200/206], Loss: 0.8236, Accuracy: 0.00%
Epoch [26/300], Step [100/206], Loss: 1.0442, Accuracy: 0.00%
Epoch [26/300], Step [200/206], Loss: 1.0168, Accuracy: 0.00%
Epoch [27/300], Step [100/206], Loss: 1.2650, Accuracy: 0.00%
Epoch [27/300], Step [200/206], Loss: 0.6533, Accuracy: 0.00%
Epoch [28/300], Step [100/206], Loss: 0.8325, Accuracy: 0.00%
Epoch [28/300], Step [200/206], Loss: 1.0200, Accuracy: 0.00%
Epoch [29/300], Step [100/206], Loss: 0.9763, Accuracy: 0.00%
Epoch [29/300], Step [200/206], Loss: 0.9573, Accuracy: 0.00%
Epoch [30/300], Step [100/206], Loss: 1.1493, Accuracy: 0.00%
Epoch [30/300], Step [200/206], Loss: 0.8628, Accuracy: 0.00%
Epoch [31/300], Step [100/206], Loss: 1.0788, Accuracy: 0.00%
Epoch [31/300], Step [200/206], Loss: 0.6607, Accuracy: 0.00%
Epoch [32/300], Step [100/206], Loss: 0.7707, Accuracy: 0.00%
Epoch [32/300], Step [200/206], Loss: 0.9723, Accuracy: 0.00%
Epoch [33/300], Step [100/206], Loss: 0.6778, Accuracy: 0.00%
Epoch [33/300], Step [200/206], Loss: 0.9954, Accuracy: 0.00%
Epoch [34/300], Step [100/206], Loss: 1.0350, Accuracy: 0.00%
Epoch [34/300], Step [200/206], Loss: 0.9745, Accuracy: 0.00%
Epoch [35/300], Step [100/206], Loss: 0.9179, Accuracy: 0.00%
Epoch [35/300], Step [200/206], Loss: 0.5203, Accuracy: 0.00%
Epoch [36/300], Step [100/206], Loss: 1.1333, Accuracy: 0.00%
Epoch [36/300], Step [200/206], Loss: 0.6746, Accuracy: 0.00%
Epoch [37/300], Step [100/206], Loss: 0.8282, Accuracy: 0.00%
Epoch [37/300], Step [200/206], Loss: 0.7779, Accuracy: 0.00%
Epoch [38/300], Step [100/206], Loss: 0.8708, Accuracy: 0.00%
Epoch [38/300], Step [200/206], Loss: 1.1425, Accuracy: 0.00%
Epoch [39/300], Step [100/206], Loss: 0.6746, Accuracy: 0.00%
Epoch [39/300], Step [200/206], Loss: 0.6131, Accuracy: 0.00%
Epoch [40/300], Step [100/206], Loss: 0.9499, Accuracy: 0.00%
Epoch [40/300], Step [200/206], Loss: 0.9011, Accuracy: 0.00%
Epoch [41/300], Step [100/206], Loss: 0.4442, Accuracy: 0.00%
Epoch [41/300], Step [200/206], Loss: 0.5333, Accuracy: 0.00%
Epoch [42/300], Step [100/206], Loss: 0.7810, Accuracy: 0.00%
Epoch [42/300], Step [200/206], Loss: 0.8046, Accuracy: 0.00%
Epoch [43/300], Step [100/206], Loss: 0.6260, Accuracy: 0.00%
Epoch [43/300], Step [200/206], Loss: 0.6855, Accuracy: 0.00%
Epoch [44/300], Step [100/206], Loss: 0.7480, Accuracy: 0.00%
Epoch [44/300], Step [200/206], Loss: 0.6178, Accuracy: 0.00%
Epoch [45/300], Step [100/206], Loss: 0.6835, Accuracy: 0.00%
Epoch [45/300], Step [200/206], Loss: 0.5787, Accuracy: 0.00%
Epoch [46/300], Step [100/206], Loss: 0.8055, Accuracy: 0.00%
Epoch [46/300], Step [200/206], Loss: 0.6478, Accuracy: 0.00%
Epoch [47/300], Step [100/206], Loss: 0.5796, Accuracy: 0.00%
Epoch [47/300], Step [200/206], Loss: 0.6142, Accuracy: 0.00%
Epoch [48/300], Step [100/206], Loss: 0.6289, Accuracy: 0.00%
Epoch [48/300], Step [200/206], Loss: 0.5846, Accuracy: 0.00%
Epoch [49/300], Step [100/206], Loss: 0.5514, Accuracy: 0.00%
Epoch [49/300], Step [200/206], Loss: 0.4256, Accuracy: 0.00%
Epoch [50/300], Step [100/206], Loss: 0.5566, Accuracy: 0.00%
Epoch [50/300], Step [200/206], Loss: 0.5198, Accuracy: 0.00%
Epoch [51/300], Step [100/206], Loss: 0.5573, Accuracy: 0.00%
Epoch [51/300], Step [200/206], Loss: 0.4249, Accuracy: 0.00%
Epoch [52/300], Step [100/206], Loss: 0.5859, Accuracy: 0.00%
Epoch [52/300], Step [200/206], Loss: 0.5161, Accuracy: 0.00%
Epoch [53/300], Step [100/206], Loss: 0.4699, Accuracy: 0.00%
Epoch [53/300], Step [200/206], Loss: 0.5282, Accuracy: 0.00%
Epoch [54/300], Step [100/206], Loss: 0.5631, Accuracy: 0.00%
Epoch [54/300], Step [200/206], Loss: 0.7558, Accuracy: 0.00%
Epoch [55/300], Step [100/206], Loss: 0.3853, Accuracy: 0.00%
Epoch [55/300], Step [200/206], Loss: 0.8654, Accuracy: 0.00%
Epoch [56/300], Step [100/206], Loss: 0.6663, Accuracy: 0.00%
Epoch [56/300], Step [200/206], Loss: 0.3970, Accuracy: 0.00%
Epoch [57/300], Step [100/206], Loss: 0.6087, Accuracy: 0.00%
Epoch [57/300], Step [200/206], Loss: 0.5564, Accuracy: 0.00%
Epoch [58/300], Step [100/206], Loss: 0.8090, Accuracy: 0.00%
Epoch [58/300], Step [200/206], Loss: 0.3786, Accuracy: 0.00%
Epoch [59/300], Step [100/206], Loss: 0.5709, Accuracy: 0.00%
Epoch [59/300], Step [200/206], Loss: 0.6657, Accuracy: 0.00%
Epoch [60/300], Step [100/206], Loss: 0.5403, Accuracy: 0.00%
Epoch [60/300], Step [200/206], Loss: 0.4651, Accuracy: 0.00%
Epoch [61/300], Step [100/206], Loss: 0.3878, Accuracy: 0.00%
Epoch [61/300], Step [200/206], Loss: 0.6164, Accuracy: 0.00%
Epoch [62/300], Step [100/206], Loss: 0.5095, Accuracy: 0.00%
Epoch [62/300], Step [200/206], Loss: 0.6942, Accuracy: 0.00%
Epoch [63/300], Step [100/206], Loss: 0.5990, Accuracy: 0.00%
Epoch [63/300], Step [200/206], Loss: 0.5011, Accuracy: 0.00%
Epoch [64/300], Step [100/206], Loss: 0.3907, Accuracy: 0.00%
Epoch [64/300], Step [200/206], Loss: 0.6353, Accuracy: 0.00%
Epoch [65/300], Step [100/206], Loss: 0.7246, Accuracy: 0.00%
Epoch [65/300], Step [200/206], Loss: 0.3424, Accuracy: 0.00%
Epoch [66/300], Step [100/206], Loss: 0.4532, Accuracy: 0.00%
Epoch [66/300], Step [200/206], Loss: 0.4201, Accuracy: 0.00%
Epoch [67/300], Step [100/206], Loss: 0.4270, Accuracy: 0.00%
Epoch [67/300], Step [200/206], Loss: 0.4484, Accuracy: 0.00%
Epoch [68/300], Step [100/206], Loss: 0.6281, Accuracy: 0.00%
Epoch [68/300], Step [200/206], Loss: 0.5261, Accuracy: 0.00%
Epoch [69/300], Step [100/206], Loss: 0.3628, Accuracy: 0.00%
Epoch [69/300], Step [200/206], Loss: 0.5045, Accuracy: 0.00%
Epoch [70/300], Step [100/206], Loss: 0.4398, Accuracy: 0.00%
Epoch [70/300], Step [200/206], Loss: 0.4392, Accuracy: 0.00%
Epoch [71/300], Step [100/206], Loss: 0.2730, Accuracy: 0.00%
Epoch [71/300], Step [200/206], Loss: 0.3445, Accuracy: 0.00%
Epoch [72/300], Step [100/206], Loss: 0.4988, Accuracy: 0.00%
Epoch [72/300], Step [200/206], Loss: 0.4442, Accuracy: 0.00%
Epoch [73/300], Step [100/206], Loss: 0.3138, Accuracy: 0.00%
Epoch [73/300], Step [200/206], Loss: 0.6473, Accuracy: 0.00%
Epoch [74/300], Step [100/206], Loss: 0.3658, Accuracy: 0.00%
Epoch [74/300], Step [200/206], Loss: 0.3903, Accuracy: 0.00%
Epoch [75/300], Step [100/206], Loss: 0.3108, Accuracy: 0.00%
Epoch [75/300], Step [200/206], Loss: 0.6417, Accuracy: 0.00%
Epoch [76/300], Step [100/206], Loss: 0.3119, Accuracy: 0.00%
Epoch [76/300], Step [200/206], Loss: 0.6597, Accuracy: 0.00%
Epoch [77/300], Step [100/206], Loss: 0.3906, Accuracy: 0.00%
Epoch [77/300], Step [200/206], Loss: 0.3879, Accuracy: 0.00%
Epoch [78/300], Step [100/206], Loss: 0.4569, Accuracy: 0.00%
Epoch [78/300], Step [200/206], Loss: 0.4165, Accuracy: 0.00%
Epoch [79/300], Step [100/206], Loss: 0.3166, Accuracy: 0.00%
Epoch [79/300], Step [200/206], Loss: 0.4218, Accuracy: 0.00%
Epoch [80/300], Step [100/206], Loss: 0.3994, Accuracy: 0.00%
Epoch [80/300], Step [200/206], Loss: 0.6034, Accuracy: 0.00%
Epoch [81/300], Step [100/206], Loss: 0.2195, Accuracy: 0.00%
Epoch [81/300], Step [200/206], Loss: 0.3594, Accuracy: 0.00%
Epoch [82/300], Step [100/206], Loss: 0.4126, Accuracy: 0.00%
Epoch [82/300], Step [200/206], Loss: 0.3118, Accuracy: 0.00%
Epoch [83/300], Step [100/206], Loss: 0.4831, Accuracy: 0.00%
Epoch [83/300], Step [200/206], Loss: 0.2194, Accuracy: 0.00%
Epoch [84/300], Step [100/206], Loss: 0.3184, Accuracy: 0.00%
Epoch [84/300], Step [200/206], Loss: 0.2667, Accuracy: 0.00%
Epoch [85/300], Step [100/206], Loss: 0.6336, Accuracy: 0.00%
Epoch [85/300], Step [200/206], Loss: 0.2806, Accuracy: 0.00%
Epoch [86/300], Step [100/206], Loss: 0.6292, Accuracy: 0.00%
Epoch [86/300], Step [200/206], Loss: 0.4809, Accuracy: 0.00%
Epoch [87/300], Step [100/206], Loss: 0.1979, Accuracy: 0.00%
Epoch [87/300], Step [200/206], Loss: 0.2862, Accuracy: 0.00%
Epoch [88/300], Step [100/206], Loss: 0.5090, Accuracy: 0.00%
Epoch [88/300], Step [200/206], Loss: 0.2505, Accuracy: 0.00%
Epoch [89/300], Step [100/206], Loss: 0.4413, Accuracy: 0.00%
Epoch [89/300], Step [200/206], Loss: 0.3666, Accuracy: 0.00%
Epoch [90/300], Step [100/206], Loss: 0.4424, Accuracy: 0.00%
Epoch [90/300], Step [200/206], Loss: 0.4555, Accuracy: 0.00%
Epoch [91/300], Step [100/206], Loss: 0.3674, Accuracy: 0.00%
Epoch [91/300], Step [200/206], Loss: 0.2050, Accuracy: 0.00%
Epoch [92/300], Step [100/206], Loss: 0.2584, Accuracy: 0.00%
Epoch [92/300], Step [200/206], Loss: 0.2939, Accuracy: 0.00%
Epoch [93/300], Step [100/206], Loss: 0.1973, Accuracy: 0.00%
Epoch [93/300], Step [200/206], Loss: 0.4260, Accuracy: 0.00%
Epoch [94/300], Step [100/206], Loss: 0.3870, Accuracy: 0.00%
Epoch [94/300], Step [200/206], Loss: 0.3449, Accuracy: 0.00%
Epoch [95/300], Step [100/206], Loss: 0.3598, Accuracy: 0.00%
Epoch [95/300], Step [200/206], Loss: 0.3232, Accuracy: 0.00%
Epoch [96/300], Step [100/206], Loss: 0.3622, Accuracy: 0.00%
Epoch [96/300], Step [200/206], Loss: 0.4923, Accuracy: 0.00%
Epoch [97/300], Step [100/206], Loss: 0.3362, Accuracy: 0.00%
Epoch [97/300], Step [200/206], Loss: 0.4330, Accuracy: 0.00%
Epoch [98/300], Step [100/206], Loss: 0.2811, Accuracy: 0.00%
Epoch [98/300], Step [200/206], Loss: 0.3318, Accuracy: 0.00%
Epoch [99/300], Step [100/206], Loss: 0.1786, Accuracy: 0.00%
Epoch [99/300], Step [200/206], Loss: 0.5153, Accuracy: 0.00%
Epoch [100/300], Step [100/206], Loss: 0.2716, Accuracy: 0.00%
Epoch [100/300], Step [200/206], Loss: 0.3028, Accuracy: 0.00%
Epoch [101/300], Step [100/206], Loss: 0.1699, Accuracy: 0.00%
Epoch [101/300], Step [200/206], Loss: 0.3255, Accuracy: 0.00%
Epoch [102/300], Step [100/206], Loss: 0.6123, Accuracy: 0.00%
Epoch [102/300], Step [200/206], Loss: 0.3095, Accuracy: 0.00%
Epoch [103/300], Step [100/206], Loss: 0.2622, Accuracy: 0.00%
Epoch [103/300], Step [200/206], Loss: 0.1983, Accuracy: 0.00%
Epoch [104/300], Step [100/206], Loss: 0.2874, Accuracy: 0.00%
Epoch [104/300], Step [200/206], Loss: 0.2021, Accuracy: 0.00%
Epoch [105/300], Step [100/206], Loss: 0.2876, Accuracy: 0.00%
Epoch [105/300], Step [200/206], Loss: 0.2267, Accuracy: 0.00%
Epoch [106/300], Step [100/206], Loss: 0.5921, Accuracy: 0.00%
Epoch [106/300], Step [200/206], Loss: 0.2982, Accuracy: 0.00%
Epoch [107/300], Step [100/206], Loss: 0.3816, Accuracy: 0.00%
Epoch [107/300], Step [200/206], Loss: 0.1741, Accuracy: 0.00%
Epoch [108/300], Step [100/206], Loss: 0.5208, Accuracy: 0.00%
Epoch [108/300], Step [200/206], Loss: 0.2546, Accuracy: 0.00%
Epoch [109/300], Step [100/206], Loss: 0.2438, Accuracy: 0.00%
Epoch [109/300], Step [200/206], Loss: 0.1689, Accuracy: 0.00%
Epoch [110/300], Step [100/206], Loss: 0.1889, Accuracy: 0.00%
Epoch [110/300], Step [200/206], Loss: 0.3119, Accuracy: 0.00%
Epoch [111/300], Step [100/206], Loss: 0.2035, Accuracy: 0.00%
Epoch [111/300], Step [200/206], Loss: 0.2105, Accuracy: 0.00%
Epoch [112/300], Step [100/206], Loss: 0.3889, Accuracy: 0.00%
Epoch [112/300], Step [200/206], Loss: 0.1735, Accuracy: 0.00%
Epoch [113/300], Step [100/206], Loss: 0.2044, Accuracy: 0.00%
Epoch [113/300], Step [200/206], Loss: 0.3092, Accuracy: 0.00%
Epoch [114/300], Step [100/206], Loss: 0.1555, Accuracy: 0.00%
Epoch [114/300], Step [200/206], Loss: 0.2978, Accuracy: 0.00%
Epoch [115/300], Step [100/206], Loss: 0.2540, Accuracy: 0.00%
Epoch [115/300], Step [200/206], Loss: 0.2691, Accuracy: 0.00%
Epoch [116/300], Step [100/206], Loss: 0.2553, Accuracy: 0.00%
Epoch [116/300], Step [200/206], Loss: 0.2542, Accuracy: 0.00%
Epoch [117/300], Step [100/206], Loss: 0.1790, Accuracy: 0.00%
Epoch [117/300], Step [200/206], Loss: 0.1685, Accuracy: 0.00%
Epoch [118/300], Step [100/206], Loss: 0.2334, Accuracy: 0.00%
Epoch [118/300], Step [200/206], Loss: 0.4585, Accuracy: 0.00%
Epoch [119/300], Step [100/206], Loss: 0.2319, Accuracy: 0.00%
Epoch [119/300], Step [200/206], Loss: 0.2719, Accuracy: 0.00%
Epoch [120/300], Step [100/206], Loss: 0.1501, Accuracy: 0.00%
Epoch [120/300], Step [200/206], Loss: 0.3260, Accuracy: 0.00%
Epoch [121/300], Step [100/206], Loss: 0.1962, Accuracy: 0.00%
Epoch [121/300], Step [200/206], Loss: 0.5265, Accuracy: 0.00%
Epoch [122/300], Step [100/206], Loss: 0.2931, Accuracy: 0.00%
Epoch [122/300], Step [200/206], Loss: 0.2007, Accuracy: 0.00%
Epoch [123/300], Step [100/206], Loss: 0.2824, Accuracy: 0.00%
Epoch [123/300], Step [200/206], Loss: 0.3338, Accuracy: 0.00%
Epoch [124/300], Step [100/206], Loss: 0.2136, Accuracy: 0.00%
Epoch [124/300], Step [200/206], Loss: 0.2848, Accuracy: 0.00%
Epoch [125/300], Step [100/206], Loss: 0.2898, Accuracy: 0.00%
Epoch [125/300], Step [200/206], Loss: 0.5178, Accuracy: 0.00%
Epoch [126/300], Step [100/206], Loss: 0.1153, Accuracy: 0.00%
Epoch [126/300], Step [200/206], Loss: 0.2546, Accuracy: 0.00%
Epoch [127/300], Step [100/206], Loss: 0.3951, Accuracy: 0.00%
Epoch [127/300], Step [200/206], Loss: 0.2208, Accuracy: 0.00%
Epoch [128/300], Step [100/206], Loss: 0.3386, Accuracy: 0.00%
Epoch [128/300], Step [200/206], Loss: 0.2620, Accuracy: 0.00%
Epoch [129/300], Step [100/206], Loss: 0.2688, Accuracy: 0.00%
Epoch [129/300], Step [200/206], Loss: 0.2176, Accuracy: 0.00%
Epoch [130/300], Step [100/206], Loss: 0.3247, Accuracy: 0.00%
Epoch [130/300], Step [200/206], Loss: 0.1903, Accuracy: 0.00%
Epoch [131/300], Step [100/206], Loss: 0.4519, Accuracy: 0.00%
Epoch [131/300], Step [200/206], Loss: 0.2802, Accuracy: 0.00%
Epoch [132/300], Step [100/206], Loss: 0.1204, Accuracy: 0.00%
Epoch [132/300], Step [200/206], Loss: 0.2423, Accuracy: 0.00%
Epoch [133/300], Step [100/206], Loss: 0.2774, Accuracy: 0.00%
Epoch [133/300], Step [200/206], Loss: 0.3725, Accuracy: 0.00%
Epoch [134/300], Step [100/206], Loss: 0.3131, Accuracy: 0.00%
Epoch [134/300], Step [200/206], Loss: 0.3580, Accuracy: 0.00%
Epoch [135/300], Step [100/206], Loss: 0.2136, Accuracy: 0.00%
Epoch [135/300], Step [200/206], Loss: 0.3326, Accuracy: 0.00%
Epoch [136/300], Step [100/206], Loss: 0.2060, Accuracy: 0.00%
Epoch [136/300], Step [200/206], Loss: 0.1314, Accuracy: 0.00%
Epoch [137/300], Step [100/206], Loss: 0.2876, Accuracy: 0.00%
Epoch [137/300], Step [200/206], Loss: 0.2551, Accuracy: 0.00%
Epoch [138/300], Step [100/206], Loss: 0.2379, Accuracy: 0.00%
Epoch [138/300], Step [200/206], Loss: 0.2686, Accuracy: 0.00%
Epoch [139/300], Step [100/206], Loss: 0.3496, Accuracy: 0.00%
Epoch [139/300], Step [200/206], Loss: 0.3450, Accuracy: 0.00%
Epoch [140/300], Step [100/206], Loss: 0.2884, Accuracy: 0.00%
Epoch [140/300], Step [200/206], Loss: 0.1385, Accuracy: 0.00%
Epoch [141/300], Step [100/206], Loss: 0.1299, Accuracy: 0.00%
Epoch [141/300], Step [200/206], Loss: 0.2371, Accuracy: 0.00%
Epoch [142/300], Step [100/206], Loss: 0.0886, Accuracy: 0.00%
Epoch [142/300], Step [200/206], Loss: 0.3041, Accuracy: 0.00%
Epoch [143/300], Step [100/206], Loss: 0.2957, Accuracy: 0.00%
Epoch [143/300], Step [200/206], Loss: 0.0428, Accuracy: 0.00%
Epoch [144/300], Step [100/206], Loss: 0.1680, Accuracy: 0.00%
Epoch [144/300], Step [200/206], Loss: 0.1220, Accuracy: 0.00%
Epoch [145/300], Step [100/206], Loss: 0.2481, Accuracy: 0.00%
Epoch [145/300], Step [200/206], Loss: 0.2855, Accuracy: 0.00%
Epoch [146/300], Step [100/206], Loss: 0.2879, Accuracy: 0.00%
Epoch [146/300], Step [200/206], Loss: 0.1697, Accuracy: 0.00%
Epoch [147/300], Step [100/206], Loss: 0.2944, Accuracy: 0.00%
Epoch [147/300], Step [200/206], Loss: 0.1674, Accuracy: 0.00%
Epoch [148/300], Step [100/206], Loss: 0.2091, Accuracy: 0.00%
Epoch [148/300], Step [200/206], Loss: 0.2615, Accuracy: 0.00%
Epoch [149/300], Step [100/206], Loss: 0.1773, Accuracy: 0.00%
Epoch [149/300], Step [200/206], Loss: 0.1319, Accuracy: 0.00%
Epoch [150/300], Step [100/206], Loss: 0.1590, Accuracy: 0.00%
Epoch [150/300], Step [200/206], Loss: 0.1726, Accuracy: 0.00%
Epoch [151/300], Step [100/206], Loss: 0.4064, Accuracy: 0.00%
Epoch [151/300], Step [200/206], Loss: 0.1894, Accuracy: 0.00%
Epoch [152/300], Step [100/206], Loss: 0.1623, Accuracy: 0.00%
Epoch [152/300], Step [200/206], Loss: 0.2297, Accuracy: 0.00%
Epoch [153/300], Step [100/206], Loss: 0.2000, Accuracy: 0.00%
Epoch [153/300], Step [200/206], Loss: 0.0931, Accuracy: 0.00%
Epoch [154/300], Step [100/206], Loss: 0.1894, Accuracy: 0.00%
Epoch [154/300], Step [200/206], Loss: 0.4595, Accuracy: 0.00%
Epoch [155/300], Step [100/206], Loss: 0.0993, Accuracy: 0.00%
Epoch [155/300], Step [200/206], Loss: 0.1227, Accuracy: 0.00%
Epoch [156/300], Step [100/206], Loss: 0.1857, Accuracy: 0.00%
Epoch [156/300], Step [200/206], Loss: 0.2310, Accuracy: 0.00%
Epoch [157/300], Step [100/206], Loss: 0.2524, Accuracy: 0.00%
Epoch [157/300], Step [200/206], Loss: 0.1073, Accuracy: 0.00%
Epoch [158/300], Step [100/206], Loss: 0.2447, Accuracy: 0.00%
Epoch [158/300], Step [200/206], Loss: 0.1314, Accuracy: 0.00%
Epoch [159/300], Step [100/206], Loss: 0.2479, Accuracy: 0.00%
Epoch [159/300], Step [200/206], Loss: 0.3904, Accuracy: 0.00%
Epoch [160/300], Step [100/206], Loss: 0.2563, Accuracy: 0.00%
Epoch [160/300], Step [200/206], Loss: 0.0869, Accuracy: 0.00%
Epoch [161/300], Step [100/206], Loss: 0.1761, Accuracy: 0.00%
Epoch [161/300], Step [200/206], Loss: 0.5162, Accuracy: 0.00%
Epoch [162/300], Step [100/206], Loss: 0.1555, Accuracy: 0.00%
Epoch [162/300], Step [200/206], Loss: 0.1971, Accuracy: 0.00%
Epoch [163/300], Step [100/206], Loss: 0.1041, Accuracy: 0.00%
Epoch [163/300], Step [200/206], Loss: 0.1037, Accuracy: 0.00%
Epoch [164/300], Step [100/206], Loss: 0.2586, Accuracy: 0.00%
Epoch [164/300], Step [200/206], Loss: 0.1518, Accuracy: 0.00%
Epoch [165/300], Step [100/206], Loss: 0.1676, Accuracy: 0.00%
Epoch [165/300], Step [200/206], Loss: 0.1911, Accuracy: 0.00%
Epoch [166/300], Step [100/206], Loss: 0.1491, Accuracy: 0.00%
Epoch [166/300], Step [200/206], Loss: 0.2170, Accuracy: 0.00%
Epoch [167/300], Step [100/206], Loss: 0.1816, Accuracy: 0.00%
Epoch [167/300], Step [200/206], Loss: 0.2313, Accuracy: 0.00%
Epoch [168/300], Step [100/206], Loss: 0.1923, Accuracy: 0.00%
Epoch [168/300], Step [200/206], Loss: 0.2402, Accuracy: 0.00%
Epoch [169/300], Step [100/206], Loss: 0.1031, Accuracy: 0.00%
Epoch [169/300], Step [200/206], Loss: 0.0543, Accuracy: 0.00%
Epoch [170/300], Step [100/206], Loss: 0.0431, Accuracy: 0.00%
Epoch [170/300], Step [200/206], Loss: 0.2236, Accuracy: 0.00%
Epoch [171/300], Step [100/206], Loss: 0.0580, Accuracy: 0.00%
Epoch [171/300], Step [200/206], Loss: 0.5890, Accuracy: 0.00%
Epoch [172/300], Step [100/206], Loss: 0.1519, Accuracy: 0.00%
Epoch [172/300], Step [200/206], Loss: 0.1209, Accuracy: 0.00%
Epoch [173/300], Step [100/206], Loss: 0.1354, Accuracy: 0.00%
Epoch [173/300], Step [200/206], Loss: 0.0891, Accuracy: 0.00%
Epoch [174/300], Step [100/206], Loss: 0.2297, Accuracy: 0.00%
Epoch [174/300], Step [200/206], Loss: 0.1945, Accuracy: 0.00%
Epoch [175/300], Step [100/206], Loss: 0.1818, Accuracy: 0.00%
Epoch [175/300], Step [200/206], Loss: 0.4147, Accuracy: 0.00%
Epoch [176/300], Step [100/206], Loss: 0.1359, Accuracy: 0.00%
Epoch [176/300], Step [200/206], Loss: 0.2963, Accuracy: 0.00%
Epoch [177/300], Step [100/206], Loss: 0.1523, Accuracy: 0.00%
Epoch [177/300], Step [200/206], Loss: 0.1204, Accuracy: 0.00%
Epoch [178/300], Step [100/206], Loss: 0.1733, Accuracy: 0.00%
Epoch [178/300], Step [200/206], Loss: 0.3890, Accuracy: 0.00%
Epoch [179/300], Step [100/206], Loss: 0.1677, Accuracy: 0.00%
Epoch [179/300], Step [200/206], Loss: 0.0867, Accuracy: 0.00%
Epoch [180/300], Step [100/206], Loss: 0.1283, Accuracy: 0.00%
Epoch [180/300], Step [200/206], Loss: 0.1639, Accuracy: 0.00%
Epoch [181/300], Step [100/206], Loss: 0.3207, Accuracy: 0.00%
Epoch [181/300], Step [200/206], Loss: 0.0361, Accuracy: 0.00%
Epoch [182/300], Step [100/206], Loss: 0.2220, Accuracy: 0.00%
Epoch [182/300], Step [200/206], Loss: 0.1151, Accuracy: 0.00%
Epoch [183/300], Step [100/206], Loss: 0.1728, Accuracy: 0.00%
Epoch [183/300], Step [200/206], Loss: 0.1664, Accuracy: 0.00%
Epoch [184/300], Step [100/206], Loss: 0.1932, Accuracy: 0.00%
Epoch [184/300], Step [200/206], Loss: 0.1318, Accuracy: 0.00%
Epoch [185/300], Step [100/206], Loss: 0.1656, Accuracy: 0.00%
Epoch [185/300], Step [200/206], Loss: 0.0785, Accuracy: 0.00%
Epoch [186/300], Step [100/206], Loss: 0.2265, Accuracy: 0.00%
Epoch [186/300], Step [200/206], Loss: 0.1508, Accuracy: 0.00%
Epoch [187/300], Step [100/206], Loss: 0.1924, Accuracy: 0.00%
Epoch [187/300], Step [200/206], Loss: 0.0406, Accuracy: 0.00%
Epoch [188/300], Step [100/206], Loss: 0.2578, Accuracy: 0.00%
Epoch [188/300], Step [200/206], Loss: 0.1496, Accuracy: 0.00%
Epoch [189/300], Step [100/206], Loss: 0.4409, Accuracy: 0.00%
Epoch [189/300], Step [200/206], Loss: 0.1777, Accuracy: 0.00%
Epoch [190/300], Step [100/206], Loss: 0.2275, Accuracy: 0.00%
Epoch [190/300], Step [200/206], Loss: 0.1864, Accuracy: 0.00%
Epoch [191/300], Step [100/206], Loss: 0.1617, Accuracy: 0.00%
Epoch [191/300], Step [200/206], Loss: 0.1060, Accuracy: 0.00%
Epoch [192/300], Step [100/206], Loss: 0.2487, Accuracy: 0.00%
Epoch [192/300], Step [200/206], Loss: 0.2904, Accuracy: 0.00%
Epoch [193/300], Step [100/206], Loss: 0.0420, Accuracy: 0.00%
Epoch [193/300], Step [200/206], Loss: 0.1697, Accuracy: 0.00%
Epoch [194/300], Step [100/206], Loss: 0.2557, Accuracy: 0.00%
Epoch [194/300], Step [200/206], Loss: 0.1185, Accuracy: 0.00%
Epoch [195/300], Step [100/206], Loss: 0.2091, Accuracy: 0.00%
Epoch [195/300], Step [200/206], Loss: 0.1330, Accuracy: 0.00%
Epoch [196/300], Step [100/206], Loss: 0.2318, Accuracy: 0.00%
Epoch [196/300], Step [200/206], Loss: 0.1249, Accuracy: 0.00%
Epoch [197/300], Step [100/206], Loss: 0.2686, Accuracy: 0.00%
Epoch [197/300], Step [200/206], Loss: 0.2086, Accuracy: 0.00%
Epoch [198/300], Step [100/206], Loss: 0.0758, Accuracy: 0.00%
Epoch [198/300], Step [200/206], Loss: 0.1716, Accuracy: 0.00%
Epoch [199/300], Step [100/206], Loss: 0.1190, Accuracy: 0.00%
Epoch [199/300], Step [200/206], Loss: 0.0730, Accuracy: 0.00%
Epoch [200/300], Step [100/206], Loss: 0.1350, Accuracy: 0.00%
Epoch [200/300], Step [200/206], Loss: 0.1678, Accuracy: 0.00%
Epoch [201/300], Step [100/206], Loss: 0.2257, Accuracy: 0.00%
Epoch [201/300], Step [200/206], Loss: 0.1387, Accuracy: 0.00%
Epoch [202/300], Step [100/206], Loss: 0.2419, Accuracy: 0.00%
Epoch [202/300], Step [200/206], Loss: 0.2486, Accuracy: 0.00%
Epoch [203/300], Step [100/206], Loss: 0.0965, Accuracy: 0.00%
Epoch [203/300], Step [200/206], Loss: 0.1131, Accuracy: 0.00%
Epoch [204/300], Step [100/206], Loss: 0.2713, Accuracy: 0.00%
Epoch [204/300], Step [200/206], Loss: 0.1997, Accuracy: 0.00%
Epoch [205/300], Step [100/206], Loss: 0.1603, Accuracy: 0.00%
Epoch [205/300], Step [200/206], Loss: 0.1581, Accuracy: 0.00%
Epoch [206/300], Step [100/206], Loss: 0.2437, Accuracy: 0.00%
Epoch [206/300], Step [200/206], Loss: 0.1488, Accuracy: 0.00%
Epoch [207/300], Step [100/206], Loss: 0.1824, Accuracy: 0.00%
Epoch [207/300], Step [200/206], Loss: 0.2070, Accuracy: 0.00%
Epoch [208/300], Step [100/206], Loss: 0.1490, Accuracy: 0.00%
Epoch [208/300], Step [200/206], Loss: 0.1882, Accuracy: 0.00%
Epoch [209/300], Step [100/206], Loss: 0.1663, Accuracy: 0.00%
Epoch [209/300], Step [200/206], Loss: 0.1198, Accuracy: 0.00%
Epoch [210/300], Step [100/206], Loss: 0.1280, Accuracy: 0.00%
Epoch [210/300], Step [200/206], Loss: 0.0817, Accuracy: 0.00%
Epoch [211/300], Step [100/206], Loss: 0.1714, Accuracy: 0.00%
Epoch [211/300], Step [200/206], Loss: 0.1517, Accuracy: 0.00%
Epoch [212/300], Step [100/206], Loss: 0.0523, Accuracy: 0.00%
Epoch [212/300], Step [200/206], Loss: 0.1011, Accuracy: 0.00%
Epoch [213/300], Step [100/206], Loss: 0.1859, Accuracy: 0.00%
Epoch [213/300], Step [200/206], Loss: 0.0931, Accuracy: 0.00%
Epoch [214/300], Step [100/206], Loss: 0.2008, Accuracy: 0.00%
Epoch [214/300], Step [200/206], Loss: 0.2061, Accuracy: 0.00%
Epoch [215/300], Step [100/206], Loss: 0.0964, Accuracy: 0.00%
Epoch [215/300], Step [200/206], Loss: 0.1840, Accuracy: 0.00%
Epoch [216/300], Step [100/206], Loss: 0.0682, Accuracy: 0.00%
Epoch [216/300], Step [200/206], Loss: 0.2590, Accuracy: 0.00%
Epoch [217/300], Step [100/206], Loss: 0.0658, Accuracy: 0.00%
Epoch [217/300], Step [200/206], Loss: 0.1511, Accuracy: 0.00%
Epoch [218/300], Step [100/206], Loss: 0.1348, Accuracy: 0.00%
Epoch [218/300], Step [200/206], Loss: 0.1071, Accuracy: 0.00%
Epoch [219/300], Step [100/206], Loss: 0.2952, Accuracy: 0.00%
Epoch [219/300], Step [200/206], Loss: 0.1150, Accuracy: 0.00%
Epoch [220/300], Step [100/206], Loss: 0.0720, Accuracy: 0.00%
Epoch [220/300], Step [200/206], Loss: 0.0748, Accuracy: 0.00%
Epoch [221/300], Step [100/206], Loss: 0.0951, Accuracy: 0.00%
Epoch [221/300], Step [200/206], Loss: 0.2057, Accuracy: 0.00%
Epoch [222/300], Step [100/206], Loss: 0.0436, Accuracy: 0.00%
Epoch [222/300], Step [200/206], Loss: 0.0848, Accuracy: 0.00%
Epoch [223/300], Step [100/206], Loss: 0.2504, Accuracy: 0.00%
Epoch [223/300], Step [200/206], Loss: 0.0918, Accuracy: 0.00%
Epoch [224/300], Step [100/206], Loss: 0.0635, Accuracy: 0.00%
Epoch [224/300], Step [200/206], Loss: 0.1141, Accuracy: 0.00%
Epoch [225/300], Step [100/206], Loss: 0.1782, Accuracy: 0.00%
Epoch [225/300], Step [200/206], Loss: 0.1889, Accuracy: 0.00%
Epoch [226/300], Step [100/206], Loss: 0.1245, Accuracy: 0.00%
Epoch [226/300], Step [200/206], Loss: 0.1058, Accuracy: 0.00%
Epoch [227/300], Step [100/206], Loss: 0.1469, Accuracy: 0.00%
Epoch [227/300], Step [200/206], Loss: 0.1602, Accuracy: 0.00%
Epoch [228/300], Step [100/206], Loss: 0.2046, Accuracy: 0.00%
Epoch [228/300], Step [200/206], Loss: 0.1332, Accuracy: 0.00%
Epoch [229/300], Step [100/206], Loss: 0.1699, Accuracy: 0.00%
Epoch [229/300], Step [200/206], Loss: 0.1264, Accuracy: 0.00%
Epoch [230/300], Step [100/206], Loss: 0.2280, Accuracy: 0.00%
Epoch [230/300], Step [200/206], Loss: 0.2653, Accuracy: 0.00%
Epoch [231/300], Step [100/206], Loss: 0.1487, Accuracy: 0.00%
Epoch [231/300], Step [200/206], Loss: 0.1160, Accuracy: 0.00%
Epoch [232/300], Step [100/206], Loss: 0.1256, Accuracy: 0.00%
Epoch [232/300], Step [200/206], Loss: 0.1115, Accuracy: 0.00%
Epoch [233/300], Step [100/206], Loss: 0.0864, Accuracy: 0.00%
Epoch [233/300], Step [200/206], Loss: 0.2308, Accuracy: 0.00%
Epoch [234/300], Step [100/206], Loss: 0.1389, Accuracy: 0.00%
Epoch [234/300], Step [200/206], Loss: 0.0958, Accuracy: 0.00%
Epoch [235/300], Step [100/206], Loss: 0.0689, Accuracy: 0.00%
Epoch [235/300], Step [200/206], Loss: 0.0956, Accuracy: 0.00%
Epoch [236/300], Step [100/206], Loss: 0.2714, Accuracy: 0.00%
Epoch [236/300], Step [200/206], Loss: 0.1098, Accuracy: 0.00%
Epoch [237/300], Step [100/206], Loss: 0.0484, Accuracy: 0.00%
Epoch [237/300], Step [200/206], Loss: 0.0523, Accuracy: 0.00%
Epoch [238/300], Step [100/206], Loss: 0.1639, Accuracy: 0.00%
Epoch [238/300], Step [200/206], Loss: 0.0643, Accuracy: 0.00%
Epoch [239/300], Step [100/206], Loss: 0.0674, Accuracy: 0.00%
Epoch [239/300], Step [200/206], Loss: 0.2555, Accuracy: 0.00%
Epoch [240/300], Step [100/206], Loss: 0.0681, Accuracy: 0.00%
Epoch [240/300], Step [200/206], Loss: 0.0684, Accuracy: 0.00%
Epoch [241/300], Step [100/206], Loss: 0.0339, Accuracy: 0.00%
Epoch [241/300], Step [200/206], Loss: 0.0432, Accuracy: 0.00%
Epoch [242/300], Step [100/206], Loss: 0.0721, Accuracy: 0.00%
Epoch [242/300], Step [200/206], Loss: 0.3168, Accuracy: 0.00%
Epoch [243/300], Step [100/206], Loss: 0.0612, Accuracy: 0.00%
Epoch [243/300], Step [200/206], Loss: 0.0403, Accuracy: 0.00%
Epoch [244/300], Step [100/206], Loss: 0.1000, Accuracy: 0.00%
Epoch [244/300], Step [200/206], Loss: 0.0829, Accuracy: 0.00%
Epoch [245/300], Step [100/206], Loss: 0.1445, Accuracy: 0.00%
Epoch [245/300], Step [200/206], Loss: 0.1174, Accuracy: 0.00%
Epoch [246/300], Step [100/206], Loss: 0.1817, Accuracy: 0.00%
Epoch [246/300], Step [200/206], Loss: 0.1709, Accuracy: 0.00%
Epoch [247/300], Step [100/206], Loss: 0.0494, Accuracy: 0.00%
Epoch [247/300], Step [200/206], Loss: 0.0854, Accuracy: 0.00%
Epoch [248/300], Step [100/206], Loss: 0.1624, Accuracy: 0.00%
Epoch [248/300], Step [200/206], Loss: 0.1137, Accuracy: 0.00%
Epoch [249/300], Step [100/206], Loss: 0.1671, Accuracy: 0.00%
Epoch [249/300], Step [200/206], Loss: 0.1235, Accuracy: 0.00%
Epoch [250/300], Step [100/206], Loss: 0.1780, Accuracy: 0.00%
Epoch [250/300], Step [200/206], Loss: 0.0437, Accuracy: 0.00%
Epoch [251/300], Step [100/206], Loss: 0.0791, Accuracy: 0.00%
Epoch [251/300], Step [200/206], Loss: 0.0512, Accuracy: 0.00%
Epoch [252/300], Step [100/206], Loss: 0.0669, Accuracy: 0.00%
Epoch [252/300], Step [200/206], Loss: 0.0774, Accuracy: 0.00%
Epoch [253/300], Step [100/206], Loss: 0.1312, Accuracy: 0.00%
Epoch [253/300], Step [200/206], Loss: 0.0761, Accuracy: 0.00%
Epoch [254/300], Step [100/206], Loss: 0.0239, Accuracy: 0.00%
Epoch [254/300], Step [200/206], Loss: 0.0641, Accuracy: 0.00%
Epoch [255/300], Step [100/206], Loss: 0.0690, Accuracy: 0.00%
Epoch [255/300], Step [200/206], Loss: 0.0431, Accuracy: 0.00%
Epoch [256/300], Step [100/206], Loss: 0.0975, Accuracy: 0.00%
Epoch [256/300], Step [200/206], Loss: 0.1302, Accuracy: 0.00%
Epoch [257/300], Step [100/206], Loss: 0.0637, Accuracy: 0.00%
Epoch [257/300], Step [200/206], Loss: 0.0545, Accuracy: 0.00%
Epoch [258/300], Step [100/206], Loss: 0.0516, Accuracy: 0.00%
Epoch [258/300], Step [200/206], Loss: 0.0370, Accuracy: 0.00%
Epoch [259/300], Step [100/206], Loss: 0.0858, Accuracy: 0.00%
Epoch [259/300], Step [200/206], Loss: 0.1943, Accuracy: 0.00%
Epoch [260/300], Step [100/206], Loss: 0.0951, Accuracy: 0.00%
Epoch [260/300], Step [200/206], Loss: 0.2837, Accuracy: 0.00%
Epoch [261/300], Step [100/206], Loss: 0.0868, Accuracy: 0.00%
Epoch [261/300], Step [200/206], Loss: 0.1464, Accuracy: 0.00%
Epoch [262/300], Step [100/206], Loss: 0.0701, Accuracy: 0.00%
Epoch [262/300], Step [200/206], Loss: 0.1244, Accuracy: 0.00%
Epoch [263/300], Step [100/206], Loss: 0.1331, Accuracy: 0.00%
Epoch [263/300], Step [200/206], Loss: 0.0424, Accuracy: 0.00%
Epoch [264/300], Step [100/206], Loss: 0.0528, Accuracy: 0.00%
Epoch [264/300], Step [200/206], Loss: 0.2872, Accuracy: 0.00%
Epoch [265/300], Step [100/206], Loss: 0.0307, Accuracy: 0.00%
Epoch [265/300], Step [200/206], Loss: 0.0331, Accuracy: 0.00%
Epoch [266/300], Step [100/206], Loss: 0.1072, Accuracy: 0.00%
Epoch [266/300], Step [200/206], Loss: 0.2193, Accuracy: 0.00%
Epoch [267/300], Step [100/206], Loss: 0.1522, Accuracy: 0.00%
Epoch [267/300], Step [200/206], Loss: 0.0398, Accuracy: 0.00%
Epoch [268/300], Step [100/206], Loss: 0.0280, Accuracy: 0.00%
Epoch [268/300], Step [200/206], Loss: 0.0895, Accuracy: 0.00%
Epoch [269/300], Step [100/206], Loss: 0.1297, Accuracy: 0.00%
Epoch [269/300], Step [200/206], Loss: 0.0514, Accuracy: 0.00%
Epoch [270/300], Step [100/206], Loss: 0.0480, Accuracy: 0.00%
Epoch [270/300], Step [200/206], Loss: 0.1563, Accuracy: 0.00%
Epoch [271/300], Step [100/206], Loss: 0.2205, Accuracy: 0.00%
Epoch [271/300], Step [200/206], Loss: 0.1498, Accuracy: 0.00%
Epoch [272/300], Step [100/206], Loss: 0.1949, Accuracy: 0.00%
Epoch [272/300], Step [200/206], Loss: 0.1769, Accuracy: 0.00%
Epoch [273/300], Step [100/206], Loss: 0.1149, Accuracy: 0.00%
Epoch [273/300], Step [200/206], Loss: 0.1759, Accuracy: 0.00%
Epoch [274/300], Step [100/206], Loss: 0.1282, Accuracy: 0.00%
Epoch [274/300], Step [200/206], Loss: 0.0786, Accuracy: 0.00%
Epoch [275/300], Step [100/206], Loss: 0.0762, Accuracy: 0.00%
Epoch [275/300], Step [200/206], Loss: 0.0982, Accuracy: 0.00%
Epoch [276/300], Step [100/206], Loss: 0.1421, Accuracy: 0.00%
Epoch [276/300], Step [200/206], Loss: 0.0547, Accuracy: 0.00%
Epoch [277/300], Step [100/206], Loss: 0.0448, Accuracy: 0.00%
Epoch [277/300], Step [200/206], Loss: 0.0366, Accuracy: 0.00%
Epoch [278/300], Step [100/206], Loss: 0.0428, Accuracy: 0.00%
Epoch [278/300], Step [200/206], Loss: 0.0584, Accuracy: 0.00%
Epoch [279/300], Step [100/206], Loss: 0.0304, Accuracy: 0.00%
Epoch [279/300], Step [200/206], Loss: 0.0453, Accuracy: 0.00%
Epoch [280/300], Step [100/206], Loss: 0.0669, Accuracy: 0.00%
Epoch [280/300], Step [200/206], Loss: 0.1772, Accuracy: 0.00%
Epoch [281/300], Step [100/206], Loss: 0.1167, Accuracy: 0.00%
Epoch [281/300], Step [200/206], Loss: 0.0713, Accuracy: 0.00%
Epoch [282/300], Step [100/206], Loss: 0.0868, Accuracy: 0.00%
Epoch [282/300], Step [200/206], Loss: 0.1013, Accuracy: 0.00%
Epoch [283/300], Step [100/206], Loss: 0.0814, Accuracy: 0.00%
Epoch [283/300], Step [200/206], Loss: 0.2787, Accuracy: 0.00%
Epoch [284/300], Step [100/206], Loss: 0.1404, Accuracy: 0.00%
Epoch [284/300], Step [200/206], Loss: 0.0827, Accuracy: 0.00%
Epoch [285/300], Step [100/206], Loss: 0.0282, Accuracy: 0.00%
Epoch [285/300], Step [200/206], Loss: 0.1219, Accuracy: 0.00%
Epoch [286/300], Step [100/206], Loss: 0.0301, Accuracy: 0.00%
Epoch [286/300], Step [200/206], Loss: 0.0580, Accuracy: 0.00%
Epoch [287/300], Step [100/206], Loss: 0.1248, Accuracy: 0.00%
Epoch [287/300], Step [200/206], Loss: 0.0659, Accuracy: 0.00%
Epoch [288/300], Step [100/206], Loss: 0.1799, Accuracy: 0.00%
Epoch [288/300], Step [200/206], Loss: 0.0257, Accuracy: 0.00%
Epoch [289/300], Step [100/206], Loss: 0.1549, Accuracy: 0.00%
Epoch [289/300], Step [200/206], Loss: 0.0891, Accuracy: 0.00%
Epoch [290/300], Step [100/206], Loss: 0.0979, Accuracy: 0.00%
Epoch [290/300], Step [200/206], Loss: 0.0271, Accuracy: 0.00%
Epoch [291/300], Step [100/206], Loss: 0.2229, Accuracy: 0.00%
Epoch [291/300], Step [200/206], Loss: 0.0682, Accuracy: 0.00%
Epoch [292/300], Step [100/206], Loss: 0.1208, Accuracy: 0.00%
Epoch [292/300], Step [200/206], Loss: 0.0642, Accuracy: 0.00%
Epoch [293/300], Step [100/206], Loss: 0.1172, Accuracy: 0.00%
Epoch [293/300], Step [200/206], Loss: 0.1513, Accuracy: 0.00%
Epoch [294/300], Step [100/206], Loss: 0.1083, Accuracy: 0.00%
Epoch [294/300], Step [200/206], Loss: 0.0303, Accuracy: 0.00%
Epoch [295/300], Step [100/206], Loss: 0.2511, Accuracy: 0.00%
Epoch [295/300], Step [200/206], Loss: 0.2368, Accuracy: 0.00%
Epoch [296/300], Step [100/206], Loss: 0.2212, Accuracy: 0.00%
Epoch [296/300], Step [200/206], Loss: 0.0780, Accuracy: 0.00%
Epoch [297/300], Step [100/206], Loss: 0.1148, Accuracy: 0.00%
Epoch [297/300], Step [200/206], Loss: 0.0332, Accuracy: 0.00%
Epoch [298/300], Step [100/206], Loss: 0.0347, Accuracy: 0.00%
Epoch [298/300], Step [200/206], Loss: 0.1722, Accuracy: 0.00%
Epoch [299/300], Step [100/206], Loss: 0.1455, Accuracy: 0.00%
Epoch [299/300], Step [200/206], Loss: 0.0355, Accuracy: 0.00%
Epoch [300/300], Step [100/206], Loss: 0.0580, Accuracy: 0.00%
Epoch [300/300], Step [200/206], Loss: 0.0835, Accuracy: 0.00%
Test Accuracy of the model on the test images: 0.0 %
Program finished
